Performing C SOURCE FILE Test CMAKE_HAVE_LIBC_PTHREAD failed with the following output:
Change Dir: /home/ilnur/Technopark/Thrift_shop/build/CMakeFiles/CMakeTmp

Run Build Command(s):/snap/clion/189/bin/ninja/linux/ninja cmTC_7c17a && [1/2] Building C object CMakeFiles/cmTC_7c17a.dir/src.c.o
[2/2] Linking C executable cmTC_7c17a
FAILED: cmTC_7c17a 
: && /usr/bin/cc  -coverage -lgcov CMakeFiles/cmTC_7c17a.dir/src.c.o -o cmTC_7c17a   && :
/usr/bin/ld: CMakeFiles/cmTC_7c17a.dir/src.c.o: в функции «main»:
src.c:(.text+0x46): неопределённая ссылка на «pthread_create»
/usr/bin/ld: src.c:(.text+0x52): неопределённая ссылка на «pthread_detach»
/usr/bin/ld: src.c:(.text+0x5e): неопределённая ссылка на «pthread_cancel»
/usr/bin/ld: src.c:(.text+0x6f): неопределённая ссылка на «pthread_join»
collect2: error: ld returned 1 exit status
ninja: build stopped: subcommand failed.


Source file was:
#include <pthread.h>

static void* test_func(void* data)
{
  return data;
}

int main(void)
{
  pthread_t thread;
  pthread_create(&thread, NULL, test_func, NULL);
  pthread_detach(thread);
  pthread_cancel(thread);
  pthread_join(thread, NULL);
  pthread_atfork(NULL, NULL, NULL);
  pthread_exit(NULL);

  return 0;
}

Determining if the function pthread_create exists in the pthreads failed with the following output:
Change Dir: /home/ilnur/Technopark/Thrift_shop/build/CMakeFiles/CMakeTmp

Run Build Command(s):/snap/clion/189/bin/ninja/linux/ninja cmTC_f950b && [1/2] Building C object CMakeFiles/cmTC_f950b.dir/CheckFunctionExists.c.o
[2/2] Linking C executable cmTC_f950b
FAILED: cmTC_f950b 
: && /usr/bin/cc -DCHECK_FUNCTION_EXISTS=pthread_create -coverage -lgcov CMakeFiles/cmTC_f950b.dir/CheckFunctionExists.c.o -o cmTC_f950b  -lpthreads && :
/usr/bin/ld: невозможно найти -lpthreads
collect2: error: ld returned 1 exit status
ninja: build stopped: subcommand failed.



